<?xml version="1.0" encoding="UTF-8"?>
<testng-results ignored="0" total="1" passed="1" failed="0" skipped="0">
  <reporter-output>
  </reporter-output>
  <suite started-at="2026-02-23T11:13:58 IST" name="Default suite" finished-at="2026-02-23T11:14:41 IST" duration-ms="42883">
    <groups>
    </groups>
    <test started-at="2026-02-23T11:13:58 IST" name="Default test" finished-at="2026-02-23T11:14:41 IST" duration-ms="42883">
      <class name="via.com.SigninAndBookingflight">
        <test-method signature="signup()[pri:0, instance:via.com.SigninAndBookingflight@198b6731]" started-at="2026-02-23T11:13:58 IST" name="signup" finished-at="2026-02-23T11:14:40 IST" duration-ms="42725" status="PASS">
          <reporter-output>
          </reporter-output>
        </test-method> <!-- signup -->
      </class> <!-- via.com.SigninAndBookingflight -->
    </test> <!-- Default test -->
  </suite> <!-- Default suite -->
</testng-results>
