<?xml version="1.0" encoding="UTF-8"?>
<!-- Generated by org.testng.reporters.JUnitReportReporter -->
<testsuite hostname="MSI" failures="0" tests="1" name="dynamicwebtable.FetchInstructorNamefromCourseandPrice" time="4.296" errors="0" timestamp="2026-02-13T11:55:04 IST" skipped="0">
  <testcase classname="dynamicwebtable.FetchInstructorNamefromCourseandPrice" name="Fetch_Instructorname_using_cousenameandPrice" time="4.296"/>
</testsuite> <!-- dynamicwebtable.FetchInstructorNamefromCourseandPrice -->
